  Source.cpp
C:\Users\Ekram\Documents\MyFolder\C++ Projects\CG_Project\Project_Final\Project_Final\Source.cpp(24,21): warning C4305: 'initializing': truncation from 'double' to 'GLfloat'
C:\Users\Ekram\Documents\MyFolder\C++ Projects\CG_Project\Project_Final\Project_Final\Source.cpp(26,30): warning C4305: 'initializing': truncation from 'double' to 'GLfloat'
C:\Users\Ekram\Documents\MyFolder\C++ Projects\CG_Project\Project_Final\Project_Final\Source.cpp(75,1): warning C4305: 'initializing': truncation from 'double' to 'GLfloat'
C:\Users\Ekram\Documents\MyFolder\C++ Projects\CG_Project\Project_Final\Project_Final\Source.cpp(153,50): warning C4305: 'initializing': truncation from 'double' to 'GLfloat'
C:\Users\Ekram\Documents\MyFolder\C++ Projects\CG_Project\Project_Final\Project_Final\Source.cpp(154,46): warning C4305: 'initializing': truncation from 'double' to 'GLfloat'
C:\Users\Ekram\Documents\MyFolder\C++ Projects\CG_Project\Project_Final\Project_Final\Source.cpp(155,57): warning C4305: 'initializing': truncation from 'double' to 'GLfloat'
C:\Users\Ekram\Documents\MyFolder\C++ Projects\CG_Project\Project_Final\Project_Final\Source.cpp(163,56): warning C4305: 'initializing': truncation from 'double' to 'GLfloat'
C:\Users\Ekram\Documents\MyFolder\C++ Projects\CG_Project\Project_Final\Project_Final\Source.cpp(177,33): warning C4305: '-=': truncation from 'double' to 'GLfloat'
C:\Users\Ekram\Documents\MyFolder\C++ Projects\CG_Project\Project_Final\Project_Final\Source.cpp(180,33): warning C4305: '+=': truncation from 'double' to 'GLfloat'
C:\Users\Ekram\Documents\MyFolder\C++ Projects\CG_Project\Project_Final\Project_Final\Source.cpp(196,87): warning C4305: '-=': truncation from 'double' to 'GLfloat'
C:\Users\Ekram\Documents\MyFolder\C++ Projects\CG_Project\Project_Final\Project_Final\Source.cpp(196,48): warning C4244: '=': conversion from 'double' to 'GLfloat', possible loss of data
C:\Users\Ekram\Documents\MyFolder\C++ Projects\CG_Project\Project_Final\Project_Final\Source.cpp(199,86): warning C4305: '+=': truncation from 'double' to 'GLfloat'
C:\Users\Ekram\Documents\MyFolder\C++ Projects\CG_Project\Project_Final\Project_Final\Source.cpp(199,48): warning C4244: '=': conversion from 'double' to 'GLfloat', possible loss of data
C:\Users\Ekram\Documents\MyFolder\C++ Projects\CG_Project\Project_Final\Project_Final\Source.cpp(202,87): warning C4305: '-=': truncation from 'double' to 'GLfloat'
C:\Users\Ekram\Documents\MyFolder\C++ Projects\CG_Project\Project_Final\Project_Final\Source.cpp(202,48): warning C4244: '=': conversion from 'double' to 'GLfloat', possible loss of data
C:\Users\Ekram\Documents\MyFolder\C++ Projects\CG_Project\Project_Final\Project_Final\Source.cpp(205,86): warning C4305: '+=': truncation from 'double' to 'GLfloat'
C:\Users\Ekram\Documents\MyFolder\C++ Projects\CG_Project\Project_Final\Project_Final\Source.cpp(205,48): warning C4244: '=': conversion from 'double' to 'GLfloat', possible loss of data
C:\Users\Ekram\Documents\MyFolder\C++ Projects\CG_Project\Project_Final\Project_Final\Source.cpp(290,40): warning C4305: 'argument': truncation from 'double' to 'GLfloat'
C:\Users\Ekram\Documents\MyFolder\C++ Projects\CG_Project\Project_Final\Project_Final\Source.cpp(294,44): warning C4244: 'initializing': conversion from 'double' to 'GLfloat', possible loss of data
C:\Users\Ekram\Documents\MyFolder\C++ Projects\CG_Project\Project_Final\Project_Final\Source.cpp(294,31): warning C4244: 'initializing': conversion from 'double' to 'const GLfloat', possible loss of data
C:\Users\Ekram\Documents\MyFolder\C++ Projects\CG_Project\Project_Final\Project_Final\Source.cpp(309,23): warning C4018: '<': signed/unsigned mismatch
C:\Users\Ekram\Documents\MyFolder\C++ Projects\CG_Project\Project_Final\Project_Final\Source.cpp(311,52): warning C4244: '=': conversion from 'double' to 'GLfloat', possible loss of data
C:\Users\Ekram\Documents\MyFolder\C++ Projects\CG_Project\Project_Final\Project_Final\Source.cpp(312,52): warning C4244: '=': conversion from 'double' to 'GLfloat', possible loss of data
C:\Users\Ekram\Documents\MyFolder\C++ Projects\CG_Project\Project_Final\Project_Final\Source.cpp(326,21): warning C4244: '=': conversion from 'double' to 'GLfloat', possible loss of data
C:\Users\Ekram\Documents\MyFolder\C++ Projects\CG_Project\Project_Final\Project_Final\Source.cpp(327,21): warning C4244: '=': conversion from 'double' to 'GLfloat', possible loss of data
C:\Users\Ekram\Documents\MyFolder\C++ Projects\CG_Project\Project_Final\Project_Final\Source.cpp(339,39): warning C4305: 'initializing': truncation from 'double' to 'float'
C:\Users\Ekram\Documents\MyFolder\C++ Projects\CG_Project\Project_Final\Project_Final\Source.cpp(340,39): warning C4305: 'initializing': truncation from 'double' to 'float'
C:\Users\Ekram\Documents\MyFolder\C++ Projects\CG_Project\Project_Final\Project_Final\Source.cpp(341,39): warning C4305: 'initializing': truncation from 'double' to 'float'
C:\Users\Ekram\Documents\MyFolder\C++ Projects\CG_Project\Project_Final\Project_Final\Source.cpp(342,39): warning C4305: 'initializing': truncation from 'double' to 'float'
C:\Users\Ekram\Documents\MyFolder\C++ Projects\CG_Project\Project_Final\Project_Final\Source.cpp(343,39): warning C4305: 'initializing': truncation from 'double' to 'float'
C:\Users\Ekram\Documents\MyFolder\C++ Projects\CG_Project\Project_Final\Project_Final\Source.cpp(344,39): warning C4305: 'initializing': truncation from 'double' to 'float'
C:\Users\Ekram\Documents\MyFolder\C++ Projects\CG_Project\Project_Final\Project_Final\Source.cpp(376,38): warning C4305: 'initializing': truncation from 'double' to 'float'
C:\Users\Ekram\Documents\MyFolder\C++ Projects\CG_Project\Project_Final\Project_Final\Source.cpp(377,38): warning C4305: 'initializing': truncation from 'double' to 'float'
C:\Users\Ekram\Documents\MyFolder\C++ Projects\CG_Project\Project_Final\Project_Final\Source.cpp(378,38): warning C4305: 'initializing': truncation from 'double' to 'float'
C:\Users\Ekram\Documents\MyFolder\C++ Projects\CG_Project\Project_Final\Project_Final\Source.cpp(379,38): warning C4305: 'initializing': truncation from 'double' to 'float'
C:\Users\Ekram\Documents\MyFolder\C++ Projects\CG_Project\Project_Final\Project_Final\Source.cpp(380,38): warning C4305: 'initializing': truncation from 'double' to 'float'
C:\Users\Ekram\Documents\MyFolder\C++ Projects\CG_Project\Project_Final\Project_Final\Source.cpp(383,34): warning C4305: 'argument': truncation from 'double' to 'GLfloat'
C:\Users\Ekram\Documents\MyFolder\C++ Projects\CG_Project\Project_Final\Project_Final\Source.cpp(384,30): warning C4305: 'argument': truncation from 'double' to 'GLfloat'
C:\Users\Ekram\Documents\MyFolder\C++ Projects\CG_Project\Project_Final\Project_Final\Source.cpp(413,28): warning C4305: 'argument': truncation from 'double' to 'GLfloat'
C:\Users\Ekram\Documents\MyFolder\C++ Projects\CG_Project\Project_Final\Project_Final\Source.cpp(456,27): warning C4305: 'argument': truncation from 'double' to 'GLfloat'
C:\Users\Ekram\Documents\MyFolder\C++ Projects\CG_Project\Project_Final\Project_Final\Source.cpp(461,28): warning C4305: 'argument': truncation from 'double' to 'GLfloat'
C:\Users\Ekram\Documents\MyFolder\C++ Projects\CG_Project\Project_Final\Project_Final\Source.cpp(467,27): warning C4305: 'argument': truncation from 'double' to 'GLfloat'
C:\Users\Ekram\Documents\MyFolder\C++ Projects\CG_Project\Project_Final\Project_Final\Source.cpp(473,27): warning C4305: 'argument': truncation from 'double' to 'GLfloat'
C:\Users\Ekram\Documents\MyFolder\C++ Projects\CG_Project\Project_Final\Project_Final\Source.cpp(513,62): warning C4305: 'argument': truncation from 'double' to 'GLfloat'
C:\Users\Ekram\Documents\MyFolder\C++ Projects\CG_Project\Project_Final\Project_Final\Source.cpp(513,28): warning C4244: 'argument': conversion from 'double' to 'GLfloat', possible loss of data
C:\Users\Ekram\Documents\MyFolder\C++ Projects\CG_Project\Project_Final\Project_Final\Source.cpp(514,63): warning C4305: 'argument': truncation from 'double' to 'GLfloat'
C:\Users\Ekram\Documents\MyFolder\C++ Projects\CG_Project\Project_Final\Project_Final\Source.cpp(514,28): warning C4244: 'argument': conversion from 'double' to 'GLfloat', possible loss of data
C:\Users\Ekram\Documents\MyFolder\C++ Projects\CG_Project\Project_Final\Project_Final\Source.cpp(515,65): warning C4305: 'argument': truncation from 'double' to 'GLfloat'
C:\Users\Ekram\Documents\MyFolder\C++ Projects\CG_Project\Project_Final\Project_Final\Source.cpp(515,28): warning C4244: 'argument': conversion from 'double' to 'GLfloat', possible loss of data
C:\Users\Ekram\Documents\MyFolder\C++ Projects\CG_Project\Project_Final\Project_Final\Source.cpp(516,64): warning C4305: 'argument': truncation from 'double' to 'GLfloat'
C:\Users\Ekram\Documents\MyFolder\C++ Projects\CG_Project\Project_Final\Project_Final\Source.cpp(516,28): warning C4244: 'argument': conversion from 'double' to 'GLfloat', possible loss of data
C:\Users\Ekram\Documents\MyFolder\C++ Projects\CG_Project\Project_Final\Project_Final\Source.cpp(517,62): warning C4305: 'argument': truncation from 'double' to 'GLfloat'
C:\Users\Ekram\Documents\MyFolder\C++ Projects\CG_Project\Project_Final\Project_Final\Source.cpp(517,29): warning C4244: 'argument': conversion from 'double' to 'GLfloat', possible loss of data
C:\Users\Ekram\Documents\MyFolder\C++ Projects\CG_Project\Project_Final\Project_Final\Source.cpp(518,61): warning C4305: 'argument': truncation from 'double' to 'GLfloat'
C:\Users\Ekram\Documents\MyFolder\C++ Projects\CG_Project\Project_Final\Project_Final\Source.cpp(518,28): warning C4244: 'argument': conversion from 'double' to 'GLfloat', possible loss of data
C:\Users\Ekram\Documents\MyFolder\C++ Projects\CG_Project\Project_Final\Project_Final\Source.cpp(530,28): warning C4305: 'argument': truncation from 'double' to 'GLfloat'
C:\Users\Ekram\Documents\MyFolder\C++ Projects\CG_Project\Project_Final\Project_Final\Source.cpp(532,33): warning C4305: 'argument': truncation from 'double' to 'GLfloat'
C:\Users\Ekram\Documents\MyFolder\C++ Projects\CG_Project\Project_Final\Project_Final\Source.cpp(538,31): warning C4305: 'argument': truncation from 'double' to 'GLfloat'
C:\Users\Ekram\Documents\MyFolder\C++ Projects\CG_Project\Project_Final\Project_Final\Source.cpp(540,33): warning C4305: 'argument': truncation from 'double' to 'GLfloat'
C:\Users\Ekram\Documents\MyFolder\C++ Projects\CG_Project\Project_Final\Project_Final\Source.cpp(546,31): warning C4305: 'argument': truncation from 'double' to 'GLfloat'
C:\Users\Ekram\Documents\MyFolder\C++ Projects\CG_Project\Project_Final\Project_Final\Source.cpp(548,33): warning C4305: 'argument': truncation from 'double' to 'GLfloat'
C:\Users\Ekram\Documents\MyFolder\C++ Projects\CG_Project\Project_Final\Project_Final\Source.cpp(554,31): warning C4305: 'argument': truncation from 'double' to 'GLfloat'
C:\Users\Ekram\Documents\MyFolder\C++ Projects\CG_Project\Project_Final\Project_Final\Source.cpp(556,32): warning C4305: 'argument': truncation from 'double' to 'GLfloat'
C:\Users\Ekram\Documents\MyFolder\C++ Projects\CG_Project\Project_Final\Project_Final\Source.cpp(566,37): warning C4305: 'argument': truncation from 'double' to 'GLfloat'
C:\Users\Ekram\Documents\MyFolder\C++ Projects\CG_Project\Project_Final\Project_Final\Source.cpp(582,67): warning C4305: 'argument': truncation from 'double' to 'GLfloat'
C:\Users\Ekram\Documents\MyFolder\C++ Projects\CG_Project\Project_Final\Project_Final\Source.cpp(583,68): warning C4305: 'argument': truncation from 'double' to 'GLfloat'
C:\Users\Ekram\Documents\MyFolder\C++ Projects\CG_Project\Project_Final\Project_Final\Source.cpp(586,67): warning C4305: 'argument': truncation from 'double' to 'GLfloat'
C:\Users\Ekram\Documents\MyFolder\C++ Projects\CG_Project\Project_Final\Project_Final\Source.cpp(608,33): warning C4305: 'argument': truncation from 'double' to 'GLfloat'
C:\Users\Ekram\Documents\MyFolder\C++ Projects\CG_Project\Project_Final\Project_Final\Source.cpp(610,48): warning C4305: 'argument': truncation from 'double' to 'GLfloat'
C:\Users\Ekram\Documents\MyFolder\C++ Projects\CG_Project\Project_Final\Project_Final\Source.cpp(611,47): warning C4305: 'argument': truncation from 'double' to 'GLfloat'
C:\Users\Ekram\Documents\MyFolder\C++ Projects\CG_Project\Project_Final\Project_Final\Source.cpp(612,45): warning C4305: 'argument': truncation from 'double' to 'GLfloat'
C:\Users\Ekram\Documents\MyFolder\C++ Projects\CG_Project\Project_Final\Project_Final\Source.cpp(613,48): warning C4305: 'argument': truncation from 'double' to 'GLfloat'
C:\Users\Ekram\Documents\MyFolder\C++ Projects\CG_Project\Project_Final\Project_Final\Source.cpp(634,28): warning C4305: 'argument': truncation from 'double' to 'GLfloat'
C:\Users\Ekram\Documents\MyFolder\C++ Projects\CG_Project\Project_Final\Project_Final\Source.cpp(642,31): warning C4305: 'argument': truncation from 'double' to 'GLfloat'
C:\Users\Ekram\Documents\MyFolder\C++ Projects\CG_Project\Project_Final\Project_Final\Source.cpp(642,58): warning C4305: 'argument': truncation from 'double' to 'GLfloat'
C:\Users\Ekram\Documents\MyFolder\C++ Projects\CG_Project\Project_Final\Project_Final\Source.cpp(643,32): warning C4305: 'argument': truncation from 'double' to 'GLfloat'
C:\Users\Ekram\Documents\MyFolder\C++ Projects\CG_Project\Project_Final\Project_Final\Source.cpp(643,58): warning C4305: 'argument': truncation from 'double' to 'GLfloat'
C:\Users\Ekram\Documents\MyFolder\C++ Projects\CG_Project\Project_Final\Project_Final\Source.cpp(645,32): warning C4305: 'argument': truncation from 'double' to 'GLfloat'
C:\Users\Ekram\Documents\MyFolder\C++ Projects\CG_Project\Project_Final\Project_Final\Source.cpp(645,59): warning C4305: 'argument': truncation from 'double' to 'GLfloat'
C:\Users\Ekram\Documents\MyFolder\C++ Projects\CG_Project\Project_Final\Project_Final\Source.cpp(646,32): warning C4305: 'argument': truncation from 'double' to 'GLfloat'
C:\Users\Ekram\Documents\MyFolder\C++ Projects\CG_Project\Project_Final\Project_Final\Source.cpp(646,60): warning C4305: 'argument': truncation from 'double' to 'GLfloat'
C:\Users\Ekram\Documents\MyFolder\C++ Projects\CG_Project\Project_Final\Project_Final\Source.cpp(657,31): warning C4305: 'argument': truncation from 'double' to 'GLfloat'
C:\Users\Ekram\Documents\MyFolder\C++ Projects\CG_Project\Project_Final\Project_Final\Source.cpp(680,101): warning C4305: 'argument': truncation from 'double' to 'GLfloat'
C:\Users\Ekram\Documents\MyFolder\C++ Projects\CG_Project\Project_Final\Project_Final\Source.cpp(693,24): warning C4305: '+=': truncation from 'double' to 'GLfloat'
C:\Users\Ekram\Documents\MyFolder\C++ Projects\CG_Project\Project_Final\Project_Final\Source.cpp(695,21): warning C4305: '=': truncation from 'double' to 'GLfloat'
C:\Users\Ekram\Documents\MyFolder\C++ Projects\CG_Project\Project_Final\Project_Final\Source.cpp(713,50): warning C4305: 'argument': truncation from 'double' to 'GLclampf'
C:\Users\Ekram\Documents\MyFolder\C++ Projects\CG_Project\Project_Final\Project_Final\Source.cpp(716,25): warning C4305: '-=': truncation from 'double' to 'GLfloat'
C:\Users\Ekram\Documents\MyFolder\C++ Projects\CG_Project\Project_Final\Project_Final\Source.cpp(717,26): warning C4305: '+=': truncation from 'double' to 'GLfloat'
C:\Users\Ekram\Documents\MyFolder\C++ Projects\CG_Project\Project_Final\Project_Final\Source.cpp(733,82): warning C4244: '-=': conversion from 'double' to 'GLfloat', possible loss of data
C:\Users\Ekram\Documents\MyFolder\C++ Projects\CG_Project\Project_Final\Project_Final\Source.cpp(733,45): warning C4244: '=': conversion from 'double' to 'GLfloat', possible loss of data
C:\Users\Ekram\Documents\MyFolder\C++ Projects\CG_Project\Project_Final\Project_Final\Source.cpp(740,50): warning C4305: 'argument': truncation from 'double' to 'GLclampf'
C:\Users\Ekram\Documents\MyFolder\C++ Projects\CG_Project\Project_Final\Project_Final\Source.cpp(758,50): warning C4305: 'argument': truncation from 'double' to 'GLclampf'
C:\Users\Ekram\Documents\MyFolder\C++ Projects\CG_Project\Project_Final\Project_Final\Source.cpp(778,50): warning C4305: 'argument': truncation from 'double' to 'GLclampf'
C:\Users\Ekram\Documents\MyFolder\C++ Projects\CG_Project\Project_Final\Project_Final\Source.cpp(808,14): warning C4305: '+=': truncation from 'double' to 'GLfloat'
C:\Users\Ekram\Documents\MyFolder\C++ Projects\CG_Project\Project_Final\Project_Final\Source.cpp(863,35): warning C4305: 'argument': truncation from 'double' to 'GLfloat'
C:\Users\Ekram\Documents\MyFolder\C++ Projects\CG_Project\Project_Final\Project_Final\Source.cpp(870,33): warning C4305: 'argument': truncation from 'double' to 'GLfloat'
C:\Users\Ekram\Documents\MyFolder\C++ Projects\CG_Project\Project_Final\Project_Final\Source.cpp(872,28): warning C4305: 'argument': truncation from 'double' to 'GLfloat'
C:\Users\Ekram\Documents\MyFolder\C++ Projects\CG_Project\Project_Final\Project_Final\Source.cpp(877,46): warning C4305: 'argument': truncation from 'double' to 'GLfloat'
C:\Users\Ekram\Documents\MyFolder\C++ Projects\CG_Project\Project_Final\Project_Final\Source.cpp(878,48): warning C4305: 'argument': truncation from 'double' to 'GLfloat'
C:\Users\Ekram\Documents\MyFolder\C++ Projects\CG_Project\Project_Final\Project_Final\Source.cpp(879,48): warning C4305: 'argument': truncation from 'double' to 'GLfloat'
C:\Users\Ekram\Documents\MyFolder\C++ Projects\CG_Project\Project_Final\Project_Final\Source.cpp(880,46): warning C4305: 'argument': truncation from 'double' to 'GLfloat'
C:\Users\Ekram\Documents\MyFolder\C++ Projects\CG_Project\Project_Final\Project_Final\Source.cpp(884,31): warning C4305: 'argument': truncation from 'double' to 'GLfloat'
C:\Users\Ekram\Documents\MyFolder\C++ Projects\CG_Project\Project_Final\Project_Final\Source.cpp(887,19): warning C4305: 'argument': truncation from 'double' to 'const GLfloat'
C:\Users\Ekram\Documents\MyFolder\C++ Projects\CG_Project\Project_Final\Project_Final\Source.cpp(906,53): warning C4305: 'argument': truncation from 'double' to 'float'
  Project_Final.vcxproj -> C:\Users\Ekram\Documents\MyFolder\C++ Projects\CG_Project\Project_Final\x64\Debug\Project_Final.exe
